
============================================================
     LF WORKER - PORT 9222
============================================================
Worker: Worker_9222
Status: READY
Waiting for tasks...
============================================================


============================================================
[Worker_9222] Processing: JED-CAI
  Tier 0: Range 2, Chunk 1/3
  Dates: 4 days
  Date Range: 2026-01-20 to 2026-01-17
============================================================

2025-12-28 09:11:38 | INFO     | ======================================================================
2025-12-28 09:11:38 | INFO     | Load Factor Scraper Started - Route: JED-CAI
2025-12-28 09:11:38 | INFO     | Log file: D:\CODERED\LAB\market_insights\outputs\run_generated_281225_at_09.11\logs\LF_JED-CAI_20251228_091138.log
2025-12-28 09:11:38 | INFO     | Enhanced logging: Capturing both logging.info() and print()
2025-12-28 09:11:38 | INFO     | ======================================================================
[LF] Processing dates (override): ['20JAN', '19JAN', '18JAN', '17JAN']
[LF] Attaching to Chrome for Altea access
[LF][[OK] SUCCESS] Connected to Chrome on 127.0.0.1:9222 (after 1 attempts)
[LF][[OK] SUCCESS] Found Amadeus Altea window: Altéa Reservation Desktop
[LF][[INFO] INFO] URL: https://tc212.resdesktop.altea.amadeus.com/app_ard/apf/init/login?SITE=ESMPESMP&LANGUAGE=GB&MARKETS=ARDW_PROD_WBP&ACTION=clpLogin
[LF] Processing JED-CAI for 20JAN
[LF][ERROR] Amadeus command error detected: UNKNOWN TRANSACTION
[LF][ERROR] Command: SN20JANJEDCAI/ASM
[LF][RESYNC] Triggering immediate resync to last successful SN command
============================================================
[LF][RESYNC] Command 'SN20JANJEDCAI/ASM' failed: TECH_ERROR:UNKNOWN TRANSACTION
[LF][RESYNC] Re-running entire day from SN command for JED-CAI 20JAN
[LF][RESYNC] Attempt 1/50 (waiting 1.0s before retry...)
============================================================
[LF][RESYNC] Sending IG to clear session state...
[LF][RESYNC] Session cleared with IG
[LF] Processing JED-CAI for 20JAN
[LF] 20JAN: found 7 direct flights
[LF] SM472 20JAN: BKG=3, GRP=0, CAP=164, LF%=1.8%, Brd-Off=JED-CAI, Classes: I:1, U:2
[LF] SM954 20JAN: BKG=6, GRP=0, CAP=167, LF%=3.6%, Brd-Off=JED-CAI, Classes: I:6
[LF] SM480 20JAN: BKG=105, GRP=93, CAP=164, LF%=64.0%, Brd-Off=JED-CAI, Classes: P:93, I:3, O:1, U:8
[LF] SM478 20JAN: BKG=139, GRP=130, CAP=167, LF%=83.2%, Brd-Off=JED-CAI, Classes: P:130, I:1, U:7, L:1
[LF] SM460 20JAN: BKG=106, GRP=90, CAP=164, LF%=64.6%, Brd-Off=JED-CAI, Classes: N:3, P:90, I:2, O:1, U:10
[LF] SM424 20JAN: BKG=6, GRP=0, CAP=167, LF%=3.6%, Brd-Off=JED-CAI, Classes: I:3, U:3
[LF] SM476 20JAN: BKG=48, GRP=45, CAP=167, LF%=28.7%, Brd-Off=JED-CAI, Classes: P:45, U:3
[LF] Getting WEEKLY/LASTSOLD data for 7 flights
[LF] SM472 20JAN: LASTSOLD=2025-12-20 00:00:00, WEEKLY=0, TODAY=0, YDAY=0
[LF] SM954 20JAN: LASTSOLD=2025-12-27 00:00:00, WEEKLY=6, TODAY=0, YDAY=1
[LF] SM480 20JAN: LASTSOLD=2025-12-27 00:00:00, WEEKLY=5, TODAY=0, YDAY=1
[LF] SM478 20JAN: LASTSOLD=2025-12-25 00:00:00, WEEKLY=1, TODAY=0, YDAY=0
[LF] SM460 20JAN: LASTSOLD=2025-12-25 00:00:00, WEEKLY=6, TODAY=0, YDAY=0
[LF] SM424 20JAN: LASTSOLD=2025-12-24 00:00:00, WEEKLY=1, TODAY=0, YDAY=0
[LF] SM476 20JAN: LASTSOLD=2025-12-07 00:00:00, WEEKLY=0, TODAY=0, YDAY=0
[LF] Processing JED-CAI for 19JAN
[LF] 19JAN: found 4 direct flights
[LF] SM480 19JAN: BKG=1, GRP=0, CAP=167, LF%=0.6%, Brd-Off=JED-CAI, Classes: U:1
[LF] SM476 19JAN: BKG=152, GRP=139, CAP=167, LF%=91.0%, Brd-Off=JED-CAI, Classes: P:139, I:7, U:6
[LF] SM478 19JAN: BKG=108, GRP=96, CAP=167, LF%=64.7%, Brd-Off=JED-CAI, Classes: P:51, E:45, I:6, U:6
[LF] SM460 19JAN: BKG=141, GRP=140, CAP=167, LF%=84.4%, Brd-Off=JED-CAI, Classes: P:90, E:50, I:1
[LPC] SM460 19JAN: Found 0 outbound flights with connecting passengers
[LF] Getting WEEKLY/LASTSOLD data for 4 flights
[LF] SM480 19JAN: LASTSOLD=2025-10-22 00:00:00, WEEKLY=0, TODAY=0, YDAY=0
[LF] SM476 19JAN: LASTSOLD=2025-12-25 00:00:00, WEEKLY=8, TODAY=0, YDAY=0
[LF] SM478 19JAN: LASTSOLD=2025-12-22 00:00:00, WEEKLY=2, TODAY=0, YDAY=0
[LF] SM460 19JAN: LASTSOLD=2025-12-25 00:00:00, WEEKLY=4, TODAY=0, YDAY=0
[LF] Processing JED-CAI for 18JAN
[LF] 18JAN: found 5 direct flights
[LF] SM424 18JAN: BKG=97, GRP=90, CAP=167, LF%=58.1%, Brd-Off=JED-CAI, Classes: P:90, I:7
[LF] SM476 18JAN: BKG=2, GRP=0, CAP=164, LF%=1.2%, Brd-Off=JED-CAI, Classes: U:2
[LF] SM432 18JAN: BKG=40, GRP=40, CAP=167, LF%=23.9%, Brd-Off=JED-CAI, Classes: P:40
[LF] SM460 18JAN: BKG=52, GRP=50, CAP=167, LF%=31.1%, Brd-Off=JED-CAI, Classes: P:50, I:1, U:1
[LF] SM478 18JAN: BKG=155, GRP=135, CAP=167, LF%=92.8%, Brd-Off=JED-CAI, Classes: P:135, I:12, O:1, U:4, S:3
[LF] Getting WEEKLY/LASTSOLD data for 5 flights
[LF] SM424 18JAN: LASTSOLD=2025-12-20 00:00:00, WEEKLY=0, TODAY=0, YDAY=0
[LF] SM476 18JAN: LASTSOLD=2025-10-26 00:00:00, WEEKLY=0, TODAY=0, YDAY=0
[LF] SM432 18JAN: LASTSOLD=2025-12-25 00:00:00, WEEKLY=1, TODAY=0, YDAY=0
[LF] SM460 18JAN: LASTSOLD=2025-12-24 00:00:00, WEEKLY=1, TODAY=0, YDAY=0
[LF] SM478 18JAN: LASTSOLD=2025-12-25 00:00:00, WEEKLY=12, TODAY=0, YDAY=0
[LF] Processing JED-CAI for 17JAN
[LF] 17JAN: found 3 direct flights
[LF] SM450 17JAN: BKG=5, GRP=0, CAP=167, LF%=3.0%, Brd-Off=JED-CAI, Classes: U:5
[LF] SM476 17JAN: BKG=110, GRP=90, CAP=167, LF%=65.9%, Brd-Off=JED-CAI, Classes: P:90, U:10, X:10
[LF] SM478 17JAN: BKG=106, GRP=87, CAP=164, LF%=64.6%, Brd-Off=JED-CAI, Classes: P:87, O:3, U:7, X:9
[LF] Getting WEEKLY/LASTSOLD data for 3 flights
[LF] SM450 17JAN: LASTSOLD=2025-12-06 00:00:00, WEEKLY=0, TODAY=0, YDAY=0
[LF] SM476 17JAN: LASTSOLD=2025-11-30 00:00:00, WEEKLY=0, TODAY=0, YDAY=0
[LF] SM478 17JAN: LASTSOLD=2025-12-27 00:00:00, WEEKLY=3, TODAY=0, YDAY=2
[LF] Results summary:
  2026-01-20: 7 flights
  2026-01-19: 4 flights
  2026-01-18: 5 flights
  2026-01-17: 3 flights

============================================================
[Worker_9222] ✓ COMPLETED: JED-CAI
  Results: 4 dates
  Errors: 0 dates
  Total Processed: 1 groups
============================================================


============================================================
[Worker_9222] Processing: ATZ-JED
  Tier 0: Range 1, Chunk 1/2
  Dates: 7 days
  Date Range: 2026-01-10 to 2026-01-04
============================================================

2025-12-28 09:14:03 | INFO     | ======================================================================
2025-12-28 09:14:03 | INFO     | Load Factor Scraper Started - Route: ATZ-JED
2025-12-28 09:14:03 | INFO     | Log file: D:\CODERED\LAB\market_insights\outputs\run_generated_281225_at_09.11\logs\LF_ATZ-JED_20251228_091403.log
2025-12-28 09:14:03 | INFO     | Enhanced logging: Capturing both logging.info() and print()
2025-12-28 09:14:03 | INFO     | ======================================================================
[LF] Processing dates (override): ['10JAN', '09JAN', '08JAN', '07JAN', '06JAN', '05JAN', '04JAN']
[LF] Attaching to Chrome for Altea access
2025-12-28 09:14:03 | INFO     | Starting LF search for route: ATZ-JED
2025-12-28 09:14:03 | INFO     | [START] LF Search
[LF][[OK] SUCCESS] Connected to Chrome on 127.0.0.1:9222 (after 1 attempts)
2025-12-28 09:14:06 | INFO     | [HEALTH CHECK] [OK] Chrome connection is healthy
[LF][[OK] SUCCESS] Found Amadeus Altea window: Altéa Reservation Desktop
[LF][[INFO] INFO] URL: https://tc212.resdesktop.altea.amadeus.com/app_ard/apf/init/login?SITE=ESMPESMP&LANGUAGE=GB&MARKETS=ARDW_PROD_WBP&ACTION=clpLogin
2025-12-28 09:14:06 | INFO     | [DAY_START] Processing 10JAN
[LF] Processing ATZ-JED for 10JAN
2025-12-28 09:14:06 | INFO     | [lf.day.start] Processing ATZ-JED for 10JAN
[LF] 10JAN: found 3 direct flights
2025-12-28 09:14:07 | INFO     | [lf.day.flights_found] Found 3 flights on 10JAN
2025-12-28 09:14:10 | INFO     | [lf.flight.extracted] SM491 on 10JAN: BKG=180, LF=100.6%
[LF] SM491 10JAN: BKG=180, GRP=170, CAP=179, LF%=100.6%, Brd-Off=ATZ-JED, Classes: P:125, E:45, X:4, T:5, K:1
2025-12-28 09:14:15 | INFO     | [lf.flight.extracted] SM453 on 10JAN: BKG=179, LF=100.0%
[LF] SM453 10JAN: BKG=179, GRP=165, CAP=179, LF%=100.0%, Brd-Off=ATZ-JED, Classes: P:135, E:30, X:9, T:5
2025-12-28 09:14:19 | INFO     | [lf.flight.extracted] SM455 on 10JAN: BKG=162, LF=90.5%
[LF] SM455 10JAN: BKG=162, GRP=140, CAP=179, LF%=90.5%, Brd-Off=ATZ-JED, Classes: P:90, E:50, X:4, T:4, W:7, S:7
[LPC] SM455 10JAN: Found 1 outbound flights with connecting passengers
[LF] Getting WEEKLY/LASTSOLD data for 3 flights
[LF] SM491 10JAN: LASTSOLD=2025-12-23 00:00:00, WEEKLY=4, TODAY=0, YDAY=0
[LF] SM453 10JAN: LASTSOLD=2025-12-28 00:00:00, WEEKLY=9, TODAY=2, YDAY=0
[LF] SM455 10JAN: LASTSOLD=2025-12-27 00:00:00, WEEKLY=10, TODAY=0, YDAY=4
2025-12-28 09:14:28 | INFO     | [SUCCESS] Day 10JAN
2025-12-28 09:14:28 | INFO     | [DAY_START] Processing 09JAN
[LF] Processing ATZ-JED for 09JAN
2025-12-28 09:14:28 | INFO     | [lf.day.start] Processing ATZ-JED for 09JAN
[LF] 09JAN: found 1 direct flights
2025-12-28 09:14:29 | INFO     | [lf.day.flights_found] Found 1 flights on 09JAN
2025-12-28 09:14:31 | INFO     | [lf.flight.extracted] SM491 on 09JAN: BKG=21, LF=11.7%
[LF] SM491 09JAN: BKG=21, GRP=0, CAP=179, LF%=11.7%, Brd-Off=ATZ-JED, Classes: X:4, T:14, W:3
[LF] Getting WEEKLY/LASTSOLD data for 1 flights
[LF] SM491 09JAN: LASTSOLD=2025-12-27 00:00:00, WEEKLY=14, TODAY=0, YDAY=2
2025-12-28 09:14:35 | INFO     | [SUCCESS] Day 09JAN
2025-12-28 09:14:35 | INFO     | [DAY_START] Processing 08JAN
[LF] Processing ATZ-JED for 08JAN
2025-12-28 09:14:35 | INFO     | [lf.day.start] Processing ATZ-JED for 08JAN
[LF] 08JAN: found 2 direct flights
2025-12-28 09:14:36 | INFO     | [lf.day.flights_found] Found 2 flights on 08JAN
2025-12-28 09:14:38 | INFO     | [lf.flight.extracted] SM453 on 08JAN: BKG=156, LF=87.2%
[LF] SM453 08JAN: BKG=156, GRP=135, CAP=179, LF%=87.2%, Brd-Off=ATZ-JED, Classes: P:135, X:2, T:13, W:4, S:2
2025-12-28 09:14:41 | INFO     | [lf.flight.extracted] SM455 on 08JAN: BKG=73, LF=40.8%
[LF] SM455 08JAN: BKG=73, GRP=0, CAP=179, LF%=40.8%, Brd-Off=ATZ-JED, Classes: X:40, T:30, W:3
[LF] Getting WEEKLY/LASTSOLD data for 2 flights
[LF] SM453 08JAN: LASTSOLD=2025-12-27 00:00:00, WEEKLY=7, TODAY=0, YDAY=5
[LF] SM455 08JAN: LASTSOLD=2025-12-28 00:00:00, WEEKLY=62, TODAY=4, YDAY=22
2025-12-28 09:14:49 | INFO     | [SUCCESS] Day 08JAN
2025-12-28 09:14:49 | INFO     | [DAY_START] Processing 07JAN
[LF] Processing ATZ-JED for 07JAN
2025-12-28 09:14:49 | INFO     | [lf.day.start] Processing ATZ-JED for 07JAN
[LF] 07JAN: found 3 direct flights
2025-12-28 09:14:50 | INFO     | [lf.day.flights_found] Found 3 flights on 07JAN
2025-12-28 09:14:52 | INFO     | [lf.flight.extracted] SM453 on 07JAN: BKG=169, LF=94.4%
[LF] SM453 07JAN: BKG=169, GRP=165, CAP=179, LF%=94.4%, Brd-Off=ATZ-JED, Classes: P:120, E:45, X:2, T:1, W:1
2025-12-28 09:14:56 | INFO     | [lf.flight.extracted] SM491 on 07JAN: BKG=175, LF=97.8%
[LF] SM491 07JAN: BKG=175, GRP=135, CAP=179, LF%=97.8%, Brd-Off=ATZ-JED, Classes: P:135, X:10, T:20, W:10
[LPC] SM491 07JAN: Found 0 outbound flights with connecting passengers
2025-12-28 09:15:00 | INFO     | [lf.flight.extracted] SM421 on 07JAN: BKG=39, LF=21.8%
[LF] SM421 07JAN: BKG=39, GRP=0, CAP=179, LF%=21.8%, Brd-Off=ATZ-JED, Classes: I:5, O:3, U:12, X:10, T:9
[LF] Getting WEEKLY/LASTSOLD data for 3 flights
[LF] SM453 07JAN: LASTSOLD=2025-12-25 00:00:00, WEEKLY=2, TODAY=0, YDAY=0
[LF] SM491 07JAN: LASTSOLD=2025-12-27 00:00:00, WEEKLY=29, TODAY=0, YDAY=9
[LF] SM421 07JAN: LASTSOLD=2025-12-28 00:00:00, WEEKLY=34, TODAY=2, YDAY=5
2025-12-28 09:15:09 | INFO     | [SUCCESS] Day 07JAN
2025-12-28 09:15:09 | INFO     | [DAY_START] Processing 06JAN
[LF] Processing ATZ-JED for 06JAN
2025-12-28 09:15:09 | INFO     | [lf.day.start] Processing ATZ-JED for 06JAN
[LF] 06JAN: found 2 direct flights
2025-12-28 09:15:10 | INFO     | [lf.day.flights_found] Found 2 flights on 06JAN
2025-12-28 09:15:12 | INFO     | [lf.flight.extracted] SM453 on 06JAN: BKG=180, LF=100.6%
[LF] SM453 06JAN: BKG=180, GRP=175, CAP=179, LF%=100.6%, Brd-Off=ATZ-JED, Classes: P:135, E:40, X:4, T:1
2025-12-28 09:15:16 | INFO     | [lf.flight.extracted] SM455 on 06JAN: BKG=158, LF=88.3%
[LF] SM455 06JAN: BKG=158, GRP=134, CAP=179, LF%=88.3%, Brd-Off=ATZ-JED, Classes: P:90, E:44, X:4, T:4, W:15, S:1
[LF] Getting WEEKLY/LASTSOLD data for 2 flights
[LF] SM453 06JAN: LASTSOLD=2025-12-14 00:00:00, WEEKLY=0, TODAY=0, YDAY=0
[LF] SM455 06JAN: LASTSOLD=2025-12-27 00:00:00, WEEKLY=6, TODAY=0, YDAY=1
2025-12-28 09:15:25 | INFO     | [SUCCESS] Day 06JAN
2025-12-28 09:15:25 | INFO     | [DAY_START] Processing 05JAN
[LF] Processing ATZ-JED for 05JAN
2025-12-28 09:15:25 | INFO     | [lf.day.start] Processing ATZ-JED for 05JAN
[LF] 05JAN: found 4 direct flights
2025-12-28 09:15:26 | INFO     | [lf.day.flights_found] Found 4 flights on 05JAN
2025-12-28 09:15:30 | INFO     | [lf.flight.extracted] SM491 on 05JAN: BKG=79, LF=44.1%
[LF] SM491 05JAN: BKG=79, GRP=48, CAP=179, LF%=44.1%, Brd-Off=ATZ-JED, Classes: P:48, O:5, U:5, X:14, T:4, W:2, S:1
2025-12-28 09:15:36 | INFO     | [lf.flight.extracted] SM455 on 05JAN: BKG=51, LF=28.5%
[LF] SM455 05JAN: BKG=51, GRP=0, CAP=179, LF%=28.5%, Brd-Off=ATZ-JED, Classes: U:15, X:25, T:10, K:1
2025-12-28 09:15:41 | INFO     | [lf.flight.extracted] SM421 on 05JAN: BKG=39, LF=21.8%
[LF] SM421 05JAN: BKG=39, GRP=0, CAP=179, LF%=21.8%, Brd-Off=ATZ-JED, Classes: I:5, O:5, U:5, X:10, T:10, W:4
[LPC] SM421 05JAN: Found 0 outbound flights with connecting passengers
2025-12-28 09:15:49 | INFO     | [lf.flight.extracted] SM453 on 05JAN: BKG=85, LF=47.5%
[LF] SM453 05JAN: BKG=85, GRP=51, CAP=179, LF%=47.5%, Brd-Off=ATZ-JED, Classes: E:51, X:4, T:4, W:7, S:12, G:2, K:5
[LF] Getting WEEKLY/LASTSOLD data for 4 flights
[LF] SM491 05JAN: LASTSOLD=2025-12-27 00:00:00, WEEKLY=10, TODAY=0, YDAY=3
[LF] SM455 05JAN: LASTSOLD=2025-12-27 00:00:00, WEEKLY=45, TODAY=0, YDAY=14
[LF] SM421 05JAN: LASTSOLD=2025-12-27 00:00:00, WEEKLY=10, TODAY=0, YDAY=2
[LF] SM453 05JAN: LASTSOLD=2025-12-26 00:00:00, WEEKLY=11, TODAY=0, YDAY=0
2025-12-28 09:16:03 | INFO     | [SUCCESS] Day 05JAN
2025-12-28 09:16:03 | INFO     | [DAY_START] Processing 04JAN
[LF] Processing ATZ-JED for 04JAN
2025-12-28 09:16:03 | INFO     | [lf.day.start] Processing ATZ-JED for 04JAN
[LF] 04JAN: found 2 direct flights
2025-12-28 09:16:05 | INFO     | [lf.day.flights_found] Found 2 flights on 04JAN
2025-12-28 09:16:07 | INFO     | [lf.flight.extracted] SM491 on 04JAN: BKG=115, LF=64.2%
[LF] SM491 04JAN: BKG=115, GRP=90, CAP=179, LF%=64.2%, Brd-Off=ATZ-JED, Classes: P:90, X:4, T:14, W:6, K:1
2025-12-28 09:16:10 | INFO     | [lf.flight.extracted] SM455 on 04JAN: BKG=78, LF=43.6%
[LF] SM455 04JAN: BKG=78, GRP=45, CAP=179, LF%=43.6%, Brd-Off=ATZ-JED, Classes: P:45, X:4, T:14, W:7, S:8
[LPC] SM455 04JAN: Found 1 outbound flights with connecting passengers
[LF] Getting WEEKLY/LASTSOLD data for 2 flights
[LF] SM491 04JAN: LASTSOLD=2025-12-28 00:00:00, WEEKLY=19, TODAY=1, YDAY=4
[LF] SM455 04JAN: LASTSOLD=2025-12-27 00:00:00, WEEKLY=15, TODAY=0, YDAY=3
2025-12-28 09:16:18 | INFO     | [SUCCESS] Day 04JAN
[LF] Results summary:
  2026-01-10: 3 flights
  2026-01-09: 1 flights
  2026-01-08: 2 flights
  2026-01-07: 3 flights
  2026-01-06: 2 flights
  2026-01-05: 4 flights
  2026-01-04: 2 flights
2025-12-28 09:16:18 | INFO     | [SUCCESS] LF Search Complete

============================================================
[Worker_9222] ✓ COMPLETED: ATZ-JED
  Results: 7 dates
  Errors: 0 dates
  Total Processed: 2 groups
============================================================

2025-12-28 09:16:20 | INFO     | [Worker_9222] Completed: ATZ-JED - 7 results, 0 errors
[Worker_9222] Waiting for tasks...
2025-12-28 09:26:08 | ERROR    | [Worker_9222] Worker error: 
Process Process-2:
Traceback (most recent call last):
  File "C:\Users\MANDO\AppData\Local\Programs\Python\Python313\Lib\multiprocessing\connection.py", line 328, in _recv_bytes
    nread, err = ov.GetOverlappedResult(True)
                 ~~~~~~~~~~~~~~~~~~~~~~^^^^^^
BrokenPipeError: [WinError 109] The pipe has been ended

During handling of the above exception, another exception occurred:

Traceback (most recent call last):
  File "D:\CODERED\LAB\market_insights\orchestration\queue_worker_system.py", line 499, in lf_worker_process
    group = task_queue.get(timeout=5)
  File "<string>", line 2, in get
  File "C:\Users\MANDO\AppData\Local\Programs\Python\Python313\Lib\multiprocessing\managers.py", line 831, in _callmethod
    kind, result = conn.recv()
                   ~~~~~~~~~^^
  File "C:\Users\MANDO\AppData\Local\Programs\Python\Python313\Lib\multiprocessing\connection.py", line 250, in recv
    buf = self._recv_bytes()
  File "C:\Users\MANDO\AppData\Local\Programs\Python\Python313\Lib\multiprocessing\connection.py", line 337, in _recv_bytes
    raise EOFError
EOFError

During handling of the above exception, another exception occurred:

Traceback (most recent call last):
  File "C:\Users\MANDO\AppData\Local\Programs\Python\Python313\Lib\multiprocessing\process.py", line 313, in _bootstrap
    self.run()
    ~~~~~~~~^^
  File "C:\Users\MANDO\AppData\Local\Programs\Python\Python313\Lib\multiprocessing\process.py", line 108, in run
    self._target(*self._args, **self._kwargs)
    ~~~~~~~~~~~~^^^^^^^^^^^^^^^^^^^^^^^^^^^^^
  File "D:\CODERED\LAB\market_insights\orchestration\queue_worker_system.py", line 658, in lf_worker_process
    status_dict[worker_name] = {
    ~~~~~~~~~~~^^^^^^^^^^^^^
  File "<string>", line 2, in __setitem__
  File "C:\Users\MANDO\AppData\Local\Programs\Python\Python313\Lib\multiprocessing\managers.py", line 830, in _callmethod
    conn.send((self._id, methodname, args, kwds))
    ~~~~~~~~~^^^^^^^^^^^^^^^^^^^^^^^^^^^^^^^^^^^^
  File "C:\Users\MANDO\AppData\Local\Programs\Python\Python313\Lib\multiprocessing\connection.py", line 206, in send
    self._send_bytes(_ForkingPickler.dumps(obj))
    ~~~~~~~~~~~~~~~~^^^^^^^^^^^^^^^^^^^^^^^^^^^^
  File "C:\Users\MANDO\AppData\Local\Programs\Python\Python313\Lib\multiprocessing\connection.py", line 289, in _send_bytes
    ov, err = _winapi.WriteFile(self._handle, buf, overlapped=True)
              ~~~~~~~~~~~~~~~~~^^^^^^^^^^^^^^^^^^^^^^^^^^^^^^^^^^^^
BrokenPipeError: [WinError 232] The pipe is being closed
