
============================================================
     LF WORKER - PORT 9232
============================================================
Worker: Worker_9232
Status: READY
Waiting for tasks...
============================================================


============================================================
[Worker_9232] Processing: ATZ-RUH
  Tier 0: Range 2, Chunk 1/3
  Dates: 4 days
  Date Range: 2026-01-21 to 2026-01-18
============================================================

2025-12-29 07:54:35 | INFO     | ======================================================================
2025-12-29 07:54:35 | INFO     | Load Factor Scraper Started - Route: ATZ-RUH
2025-12-29 07:54:35 | INFO     | Log file: D:\CODERED\LAB\market_insights\outputs\run_generated_291225_at_07.54\logs\LF_ATZ-RUH_20251229_075435.log
2025-12-29 07:54:35 | INFO     | Enhanced logging: Capturing both logging.info() and print()
2025-12-29 07:54:35 | INFO     | ======================================================================
[LF] Processing dates (override): ['21JAN', '20JAN', '19JAN', '18JAN']
[LF] Attaching to Chrome for Altea access
[LF][[OK] SUCCESS] Connected to Chrome on 127.0.0.1:9232 (after 1 attempts)
[LF][[OK] SUCCESS] Found Amadeus Altea window: Altéa Reservation Desktop
[LF][[INFO] INFO] URL: https://tc212.resdesktop.altea.amadeus.com/app_ard/apf/init/login?SITE=ESMPESMP&LANGUAGE=GB&MARKETS=ARDW_PROD_WBP&ACTION=clpLogin
[LF] Processing ATZ-RUH for 21JAN
[LF][ERROR] Amadeus command error detected: UNKNOWN TRANSACTION
[LF][ERROR] Command: SN21JANATZRUH/ASM
[LF][RESYNC] Triggering immediate resync to last successful SN command
============================================================
[LF][RESYNC] Command 'SN21JANATZRUH/ASM' failed: TECH_ERROR:UNKNOWN TRANSACTION
[LF][RESYNC] Re-running entire day from SN command for ATZ-RUH 21JAN
[LF][RESYNC] Attempt 1/50 (waiting 1.0s before retry...)
============================================================
[LF][RESYNC] Sending IG to clear session state...
[LF][RESYNC] Session cleared with IG
[LF] Processing ATZ-RUH for 21JAN
[LF] 21JAN: found 1 direct flights
[LF] SM465 21JAN: BKG=63, GRP=0, CAP=179, LF%=35.2%, Brd-Off=ATZ-RUH, Classes: O:2, U:5, X:24, T:9, W:8, S:9, G:5, V:1
[LF] Getting WEEKLY/LASTSOLD data for 1 flights
[LF] SM465 21JAN: LASTSOLD=2025-12-28 00:00:00, WEEKLY=31, TODAY=0, YDAY=5
[LF] Processing ATZ-RUH for 20JAN
[LF] 20JAN: found 1 direct flights
[LF] SM463 20JAN: BKG=60, GRP=0, CAP=179, LF%=33.5%, Brd-Off=ATZ-RUH, Classes: O:4, U:8, X:3, T:5, W:10, S:28, G:2
[LF] Getting WEEKLY/LASTSOLD data for 1 flights
[LF] SM463 20JAN: LASTSOLD=2025-12-28 00:00:00, WEEKLY=26, TODAY=0, YDAY=2
[LF] Processing ATZ-RUH for 19JAN
[LF] No direct flights on 19JAN for ATZ-RUH
[LF] Processing ATZ-RUH for 18JAN
[LF] 18JAN: found 1 direct flights
[LF] SM463 18JAN: BKG=84, GRP=0, CAP=179, LF%=46.9%, Brd-Off=ATZ-RUH, Classes: U:1, X:16, T:13, W:10, S:10, G:10, L:19, V:4, K:1
[LF] Getting WEEKLY/LASTSOLD data for 1 flights
[LF] SM463 18JAN: LASTSOLD=2025-12-28 00:00:00, WEEKLY=30, TODAY=0, YDAY=3
[LF] Results summary:
  2026-01-21: 1 flights
  2026-01-20: 1 flights
  2026-01-19: 0 flights
  2026-01-18: 1 flights

============================================================
[Worker_9232] ✓ COMPLETED: ATZ-RUH
  Results: 4 dates
  Errors: 0 dates
  Total Processed: 1 groups
============================================================


============================================================
[Worker_9232] Processing: CAI-RUH
  Tier 0: Range 2, Chunk 3/3
  Dates: 3 days
  Date Range: 2026-01-13 to 2026-01-11
============================================================

2025-12-29 07:55:05 | INFO     | ======================================================================
2025-12-29 07:55:05 | INFO     | Load Factor Scraper Started - Route: CAI-RUH
2025-12-29 07:55:05 | INFO     | Log file: D:\CODERED\LAB\market_insights\outputs\run_generated_291225_at_07.54\logs\LF_CAI-RUH_20251229_075505.log
2025-12-29 07:55:05 | INFO     | Enhanced logging: Capturing both logging.info() and print()
2025-12-29 07:55:05 | INFO     | ======================================================================
[LF] Processing dates (override): ['13JAN', '12JAN', '11JAN']
[LF] Attaching to Chrome for Altea access
2025-12-29 07:55:05 | INFO     | Starting LF search for route: CAI-RUH
2025-12-29 07:55:05 | INFO     | [START] LF Search
[LF][[OK] SUCCESS] Connected to Chrome on 127.0.0.1:9232 (after 1 attempts)
2025-12-29 07:55:06 | INFO     | [HEALTH CHECK] [OK] Chrome connection is healthy
[LF][[OK] SUCCESS] Found Amadeus Altea window: Altéa Reservation Desktop
[LF][[INFO] INFO] URL: https://tc212.resdesktop.altea.amadeus.com/app_ard/apf/init/login?SITE=ESMPESMP&LANGUAGE=GB&MARKETS=ARDW_PROD_WBP&ACTION=clpLogin
2025-12-29 07:55:06 | INFO     | [DAY_START] Processing 13JAN
[LF] Processing CAI-RUH for 13JAN
2025-12-29 07:55:06 | INFO     | [lf.day.start] Processing CAI-RUH for 13JAN
[LF] 13JAN: found 1 direct flights
2025-12-29 07:55:07 | INFO     | [lf.day.flights_found] Found 1 flights on 13JAN
2025-12-29 07:55:09 | INFO     | [lf.flight.extracted] SM469 on 13JAN: BKG=63, LF=35.2%
[LF] SM469 13JAN: BKG=63, GRP=0, CAP=179, LF%=35.2%, Brd-Off=CAI-RUH, Classes: I:15, O:15, U:15, X:15, T:2, S:1
[LF] Getting WEEKLY/LASTSOLD data for 1 flights
[LF] SM469 13JAN: LASTSOLD=2025-12-28 00:00:00, WEEKLY=29, TODAY=0, YDAY=2
2025-12-29 07:55:13 | INFO     | [SUCCESS] Day 13JAN
2025-12-29 07:55:13 | INFO     | [DAY_START] Processing 12JAN
[LF] Processing CAI-RUH for 12JAN
2025-12-29 07:55:13 | INFO     | [lf.day.start] Processing CAI-RUH for 12JAN
[LF] 12JAN: found 1 direct flights
2025-12-29 07:55:14 | INFO     | [lf.day.flights_found] Found 1 flights on 12JAN
2025-12-29 07:55:16 | INFO     | [lf.flight.extracted] SM469 on 12JAN: BKG=67, LF=37.4%
[LF] SM469 12JAN: BKG=67, GRP=0, CAP=179, LF%=37.4%, Brd-Off=CAI-RUH, Classes: I:15, O:25, U:15, X:11, S:1
[LF] Getting WEEKLY/LASTSOLD data for 1 flights
[LF] SM469 12JAN: LASTSOLD=2025-12-28 00:00:00, WEEKLY=43, TODAY=0, YDAY=9
2025-12-29 07:55:22 | INFO     | [SUCCESS] Day 12JAN
2025-12-29 07:55:22 | INFO     | [DAY_START] Processing 11JAN
[LF] Processing CAI-RUH for 11JAN
2025-12-29 07:55:22 | INFO     | [lf.day.start] Processing CAI-RUH for 11JAN
[LF] 11JAN: found 1 direct flights
2025-12-29 07:55:23 | INFO     | [lf.day.flights_found] Found 1 flights on 11JAN
2025-12-29 07:55:26 | INFO     | [lf.flight.extracted] SM461 on 11JAN: BKG=57, LF=31.8%
[LF] SM461 11JAN: BKG=57, GRP=0, CAP=179, LF%=31.8%, Brd-Off=CAI-RUH, Classes: I:15, O:25, U:11, X:6
[LF] Getting WEEKLY/LASTSOLD data for 1 flights
[LF] SM461 11JAN: LASTSOLD=2025-12-28 00:00:00, WEEKLY=26, TODAY=0, YDAY=10
2025-12-29 07:55:30 | INFO     | [SUCCESS] Day 11JAN
[LF] Results summary:
  2026-01-13: 1 flights
  2026-01-12: 1 flights
  2026-01-11: 1 flights
2025-12-29 07:55:30 | INFO     | [SUCCESS] LF Search Complete

============================================================
[Worker_9232] ✓ COMPLETED: CAI-RUH
  Results: 3 dates
  Errors: 0 dates
  Total Processed: 2 groups
============================================================

2025-12-29 07:55:32 | INFO     | [Worker_9232] Completed: CAI-RUH - 3 results, 0 errors

============================================================
[Worker_9232] Processing: JED-ATZ
  Tier 0: Range 1, Chunk 1/3
  Dates: 5 days
  Date Range: 2026-01-10 to 2026-01-06
============================================================

2025-12-29 07:55:32 | INFO     | [Worker_9232] Processing: JED-ATZ
2025-12-29 07:55:32 | INFO     |   Tier 0: Range 1, Chunk 1/3 (5 days)
2025-12-29 07:55:32 | INFO     | ======================================================================
2025-12-29 07:55:32 | INFO     | Load Factor Scraper Started - Route: JED-ATZ
2025-12-29 07:55:32 | INFO     | Log file: D:\CODERED\LAB\market_insights\outputs\run_generated_291225_at_07.54\logs\LF_JED-ATZ_20251229_075532.log
2025-12-29 07:55:32 | INFO     | Enhanced logging: Capturing both logging.info() and print()
2025-12-29 07:55:32 | INFO     | ======================================================================
[LF] Processing dates (override): ['10JAN', '09JAN', '08JAN', '07JAN', '06JAN']
[LF] Attaching to Chrome for Altea access
2025-12-29 07:55:32 | INFO     | Starting LF search for route: JED-ATZ
2025-12-29 07:55:32 | INFO     | [START] LF Search
[LF][[OK] SUCCESS] Connected to Chrome on 127.0.0.1:9232 (after 1 attempts)
2025-12-29 07:55:33 | INFO     | [HEALTH CHECK] [OK] Chrome connection is healthy
[LF][[OK] SUCCESS] Found Amadeus Altea window: Altéa Reservation Desktop
[LF][[INFO] INFO] URL: https://tc212.resdesktop.altea.amadeus.com/app_ard/apf/init/login?SITE=ESMPESMP&LANGUAGE=GB&MARKETS=ARDW_PROD_WBP&ACTION=clpLogin
2025-12-29 07:55:33 | INFO     | [DAY_START] Processing 10JAN
[LF] Processing JED-ATZ for 10JAN
2025-12-29 07:55:33 | INFO     | [lf.day.start] Processing JED-ATZ for 10JAN
[LF] 10JAN: found 3 direct flights
2025-12-29 07:55:34 | INFO     | [lf.day.flights_found] Found 3 flights on 10JAN
2025-12-29 07:55:36 | INFO     | [lf.flight.extracted] SM492 on 10JAN: BKG=153, LF=91.6%
[LF] SM492 10JAN: BKG=153, GRP=139, CAP=167, LF%=91.6%, Brd-Off=JED-ATZ, Classes: P:139, I:4, O:2, U:3, W:1, S:4
2025-12-29 07:55:39 | INFO     | [lf.flight.extracted] SM454 on 10JAN: BKG=154, LF=92.2%
[LF] SM454 10JAN: BKG=154, GRP=139, CAP=167, LF%=92.2%, Brd-Off=JED-ATZ, Classes: P:139, I:4, O:2, U:3, X:5, W:1
2025-12-29 07:55:43 | INFO     | [lf.flight.extracted] SM456 on 10JAN: BKG=161, LF=96.4%
[LF] SM456 10JAN: BKG=161, GRP=142, CAP=167, LF%=96.4%, Brd-Off=JED-ATZ, Classes: P:142, I:4, O:2, U:3, X:5, S:2, V:1, K:2
[LF] Getting WEEKLY/LASTSOLD data for 3 flights
[LF] SM492 10JAN: LASTSOLD=2025-12-29 00:00:00, WEEKLY=53, TODAY=1, YDAY=0
[LF] SM454 10JAN: LASTSOLD=2025-12-23 00:00:00, WEEKLY=52, TODAY=0, YDAY=0
[LF] SM456 10JAN: LASTSOLD=2025-12-23 00:00:00, WEEKLY=4, TODAY=0, YDAY=0
2025-12-29 07:55:58 | INFO     | [SUCCESS] Day 10JAN
2025-12-29 07:55:58 | INFO     | [DAY_START] Processing 09JAN
[LF] Processing JED-ATZ for 09JAN
2025-12-29 07:55:58 | INFO     | [lf.day.start] Processing JED-ATZ for 09JAN
[LF] 09JAN: found 1 direct flights
2025-12-29 07:55:59 | INFO     | [lf.day.flights_found] Found 1 flights on 09JAN
2025-12-29 07:56:02 | INFO     | [lf.flight.extracted] SM492 on 09JAN: BKG=45, LF=27.0%
[LF] SM492 09JAN: BKG=45, GRP=2, CAP=167, LF%=27.0%, Brd-Off=JED-ATZ, Classes: E:2, I:4, O:2, U:3, X:5, T:16, W:10, S:1, V:1, K:1
[LF] Getting WEEKLY/LASTSOLD data for 1 flights
[LF] SM492 09JAN: LASTSOLD=2025-12-28 00:00:00, WEEKLY=21, TODAY=0, YDAY=2
2025-12-29 07:56:05 | INFO     | [SUCCESS] Day 09JAN
2025-12-29 07:56:05 | INFO     | [DAY_START] Processing 08JAN
[LF] Processing JED-ATZ for 08JAN
2025-12-29 07:56:05 | INFO     | [lf.day.start] Processing JED-ATZ for 08JAN
[LF] 08JAN: 1 cancelled flight(s) detected from SN
[LF] 08JAN: found 3 direct flights
2025-12-29 07:56:06 | INFO     | [lf.day.flights_found] Found 3 flights on 08JAN
2025-12-29 07:56:08 | INFO     | [lf.flight.extracted] SM422 on 08JAN: BKG=166, LF=99.4%
[LF] SM422 08JAN: BKG=166, GRP=139, CAP=167, LF%=99.4%, Brd-Off=JED-ATZ, Classes: P:135, E:4, I:9, O:9, U:3, X:1, W:2, S:3
2025-12-29 07:56:11 | INFO     | [lf.flight.extracted] SM454 on 08JAN: BKG=147, LF=88.0%
[LF] SM454 08JAN: BKG=147, GRP=86, CAP=167, LF%=88.0%, Brd-Off=JED-ATZ, Classes: P:86, I:4, O:2, U:3, X:8, T:28, W:2, S:13, K:1
2025-12-29 07:56:15 | INFO     | [lf.flight.extracted] SM456 on 08JAN: BKG=179, LF=107.2%
[LF] SM456 08JAN: BKG=179, GRP=171, CAP=167, LF%=107.2%, Brd-Off=JED-ATZ, Classes: P:171, I:4, O:1, U:3
[LF] Getting WEEKLY/LASTSOLD data for 3 flights
[LF] SM422 08JAN: LASTSOLD=2025-12-17 00:00:00, WEEKLY=0, TODAY=0, YDAY=0
[LF] SM454 08JAN: LASTSOLD=2025-12-28 00:00:00, WEEKLY=26, TODAY=0, YDAY=10
[LF] SM456 08JAN: LASTSOLD=2025-12-24 00:00:00, WEEKLY=3, TODAY=0, YDAY=0
2025-12-29 07:56:31 | INFO     | [SUCCESS] Day 08JAN
2025-12-29 07:56:31 | INFO     | [DAY_START] Processing 07JAN
[LF] Processing JED-ATZ for 07JAN
2025-12-29 07:56:31 | INFO     | [lf.day.start] Processing JED-ATZ for 07JAN
[LF] 07JAN: found 2 direct flights
2025-12-29 07:56:32 | INFO     | [lf.day.flights_found] Found 2 flights on 07JAN
2025-12-29 07:56:34 | INFO     | [lf.flight.extracted] SM454 on 07JAN: BKG=176, LF=98.9%
[LF] SM454 07JAN: BKG=176, GRP=175, CAP=178, LF%=98.9%, Brd-Off=JED-ATZ, Classes: P:173, E:2, S:1
2025-12-29 07:56:38 | INFO     | [lf.flight.extracted] SM492 on 07JAN: BKG=183, LF=109.6%
[LF] SM492 07JAN: BKG=183, GRP=179, CAP=167, LF%=109.6%, Brd-Off=JED-ATZ, Classes: P:134, E:45, I:3, O:1
[LF] Getting WEEKLY/LASTSOLD data for 2 flights
[LF] SM454 07JAN: LASTSOLD=2025-12-28 00:00:00, WEEKLY=6, TODAY=0, YDAY=3
Exception ignored in: <http.client.HTTPResponse object at 0x000001FC926C9000>
Traceback (most recent call last):
  File "C:\Users\MANDO\AppData\Local\Programs\Python\Python313\Lib\http\client.py", line 434, in close
    if self.fp:
AttributeError: 'HTTPResponse' object has no attribute 'fp'
Process Process-8:
Traceback (most recent call last):
  File "C:\Users\MANDO\AppData\Local\Programs\Python\Python313\Lib\site-packages\urllib3\util\connection.py", line 73, in create_connection
    sock.connect(sa)
    ~~~~~~~~~~~~^^^^
ConnectionRefusedError: [WinError 10061] No connection could be made because the target machine actively refused it

During handling of the above exception, another exception occurred:

Traceback (most recent call last):
  File "C:\Users\MANDO\AppData\Local\Programs\Python\Python313\Lib\multiprocessing\process.py", line 313, in _bootstrap
    self.run()
    ~~~~~~~~^^
  File "C:\Users\MANDO\AppData\Local\Programs\Python\Python313\Lib\multiprocessing\process.py", line 108, in run
    self._target(*self._args, **self._kwargs)
    ~~~~~~~~~~~~^^^^^^^^^^^^^^^^^^^^^^^^^^^^^
  File "D:\CODERED\LAB\market_insights\orchestration\queue_worker_system.py", line 580, in lf_worker_process
    results, errors = run_lf_search(
                      ~~~~~~~~~~~~~^
        origin=origin,
        ^^^^^^^^^^^^^^
    ...<3 lines>...
        progress_callback=heartbeat_callback
        ^^^^^^^^^^^^^^^^^^^^^^^^^^^^^^^^^^^^
    )
    ^
  File "D:\CODERED\LAB\market_insights\lf\orchestration.py", line 771, in run_lf_search
    dtok, rows, err = process_lf_day(drv, origin, dest, dtok, year_for_token)
                      ~~~~~~~~~~~~~~^^^^^^^^^^^^^^^^^^^^^^^^^^^^^^^^^^^^^^^^^
  File "D:\CODERED\LAB\market_insights\lf\orchestration.py", line 287, in process_lf_day
    return handle_amadeus_error_with_resync(
        drv, origin, dest, dtok, year,
        _process_lf_day_once,
        resync_wait_sec=RESYNC_WAIT_SEC
    )
  File "D:\CODERED\LAB\market_insights\lf\amadeus.py", line 186, in handle_amadeus_error_with_resync
    result = process_func(drv, origin, dest, dtok, year)
  File "D:\CODERED\LAB\market_insights\lf\orchestration.py", line 483, in _process_lf_day_once
    last_sold, weekly_sold, sold_today, sold_yesterday = weekly_from_lpl_pages(drv, flight, dtok, year_)
                                                         ~~~~~~~~~~~~~~~~~~~~~^^^^^^^^^^^^^^^^^^^^^^^^^^
  File "D:\CODERED\LAB\market_insights\lf\parsers.py", line 889, in weekly_from_lpl_pages
    more = send_and_wait(drv, "M", expect_tokens=[], timeout=SEND_TIMEOUT_SEC) or ""
           ~~~~~~~~~~~~~^^^^^^^^^^^^^^^^^^^^^^^^^^^^^^^^^^^^^^^^^^^^^^^^^^^^^^
  File "D:\CODERED\LAB\market_insights\lf\amadeus.py", line 370, in send_and_wait
    inp = focus_cmdline(drv)
  File "D:\CODERED\LAB\market_insights\lf\amadeus.py", line 274, in focus_cmdline
    active_elem = drv.switch_to.active_element
                  ^^^^^^^^^^^^^^^^^^^^^^^^^^^^
  File "C:\Users\MANDO\AppData\Local\Programs\Python\Python313\Lib\site-packages\selenium\webdriver\remote\switch_to.py", line 46, in active_element
    return self._driver.execute(Command.W3C_GET_ACTIVE_ELEMENT)["value"]
           ~~~~~~~~~~~~~~~~~~~~^^^^^^^^^^^^^^^^^^^^^^^^^^^^^^^^
  File "C:\Users\MANDO\AppData\Local\Programs\Python\Python313\Lib\site-packages\selenium\webdriver\remote\webdriver.py", line 345, in execute
    response = self.command_executor.execute(driver_command, params)
  File "C:\Users\MANDO\AppData\Local\Programs\Python\Python313\Lib\site-packages\selenium\webdriver\remote\remote_connection.py", line 300, in execute
    return self._request(command_info[0], url, body=data)
           ~~~~~~~~~~~~~^^^^^^^^^^^^^^^^^^^^^^^^^^^^^^^^^
  File "C:\Users\MANDO\AppData\Local\Programs\Python\Python313\Lib\site-packages\selenium\webdriver\remote\remote_connection.py", line 321, in _request
    response = self._conn.request(method, url, body=body, headers=headers)
  File "C:\Users\MANDO\AppData\Local\Programs\Python\Python313\Lib\site-packages\urllib3\_request_methods.py", line 135, in request
    return self.request_encode_url(
           ~~~~~~~~~~~~~~~~~~~~~~~^
        method,
        ^^^^^^^
    ...<3 lines>...
        **urlopen_kw,
        ^^^^^^^^^^^^^
    )
    ^
  File "C:\Users\MANDO\AppData\Local\Programs\Python\Python313\Lib\site-packages\urllib3\_request_methods.py", line 182, in request_encode_url
    return self.urlopen(method, url, **extra_kw)
           ~~~~~~~~~~~~^^^^^^^^^^^^^^^^^^^^^^^^^
  File "C:\Users\MANDO\AppData\Local\Programs\Python\Python313\Lib\site-packages\urllib3\poolmanager.py", line 459, in urlopen
    response = conn.urlopen(method, u.request_uri, **kw)
  File "C:\Users\MANDO\AppData\Local\Programs\Python\Python313\Lib\site-packages\urllib3\connectionpool.py", line 787, in urlopen
    response = self._make_request(
        conn,
    ...<10 lines>...
        **response_kw,
    )
  File "C:\Users\MANDO\AppData\Local\Programs\Python\Python313\Lib\site-packages\urllib3\connectionpool.py", line 493, in _make_request
    conn.request(
    ~~~~~~~~~~~~^
        method,
        ^^^^^^^
    ...<6 lines>...
        enforce_content_length=enforce_content_length,
        ^^^^^^^^^^^^^^^^^^^^^^^^^^^^^^^^^^^^^^^^^^^^^^
    )
    ^
  File "C:\Users\MANDO\AppData\Local\Programs\Python\Python313\Lib\site-packages\urllib3\connection.py", line 494, in request
    self.endheaders()
    ~~~~~~~~~~~~~~~^^
  File "C:\Users\MANDO\AppData\Local\Programs\Python\Python313\Lib\http\client.py", line 1333, in endheaders
    self._send_output(message_body, encode_chunked=encode_chunked)
    ~~~~~~~~~~~~~~~~~^^^^^^^^^^^^^^^^^^^^^^^^^^^^^^^^^^^^^^^^^^^^^
  File "C:\Users\MANDO\AppData\Local\Programs\Python\Python313\Lib\http\client.py", line 1093, in _send_output
    self.send(msg)
    ~~~~~~~~~^^^^^
  File "C:\Users\MANDO\AppData\Local\Programs\Python\Python313\Lib\http\client.py", line 1037, in send
    self.connect()
    ~~~~~~~~~~~~^^
  File "C:\Users\MANDO\AppData\Local\Programs\Python\Python313\Lib\site-packages\urllib3\connection.py", line 325, in connect
    self.sock = self._new_conn()
                ~~~~~~~~~~~~~~^^
  File "C:\Users\MANDO\AppData\Local\Programs\Python\Python313\Lib\site-packages\urllib3\connection.py", line 198, in _new_conn
    sock = connection.create_connection(
        (self._dns_host, self.port),
    ...<2 lines>...
        socket_options=self.socket_options,
    )
  File "C:\Users\MANDO\AppData\Local\Programs\Python\Python313\Lib\site-packages\urllib3\util\connection.py", line 81, in create_connection
    sock.close()
    ~~~~~~~~~~^^
  File "C:\Users\MANDO\AppData\Local\Programs\Python\Python313\Lib\socket.py", line 501, in close
    def close(self):
    
KeyboardInterrupt
Exception ignored in atexit callback <bound method BufferedTraceWriter.shutdown of <market_insights.observability.tracing.tracer.BufferedTraceWriter object at 0x000001FC925D7B60>>:
Traceback (most recent call last):
  File "D:\CODERED\LAB\market_insights\observability\tracing\tracer.py", line 322, in shutdown
    self._writer_thread.join(timeout=5.0)
  File "C:\Users\MANDO\AppData\Local\Programs\Python\Python313\Lib\threading.py", line 1094, in join
    self._handle.join(timeout)
KeyboardInterrupt: 
